<?xml version="1.0" encoding="utf-8"?><testsuites name="pytest tests"><testsuite name="pytest" errors="0" failures="0" skipped="0" tests="4" time="9.217" timestamp="2025-10-12T15:30:02.869328+08:00" hostname="LKF"><testcase classname="tests.e2e.test_riskintel360_mock_workflow.TestRiskIntel360MockWorkflow" name="test_complete_fintech_workflow_with_mocks" time="9.147" /><testcase classname="tests.e2e.test_riskintel360_mock_workflow.TestRiskIntel360MockWorkflow" name="test_fraud_detection_with_mocks" time="0.004" /><testcase classname="tests.e2e.test_riskintel360_mock_workflow.TestRiskIntel360MockWorkflow" name="test_regulatory_compliance_with_mocks" time="0.002" /><testcase classname="tests.e2e.test_riskintel360_mock_workflow.TestRiskIntel360MockWorkflow" name="test_concurrent_requests_with_mocks" time="0.020" /></testsuite></testsuites>